<?xml version="1.0" encoding="UTF-8"?>
<!-- Generated by org.testng.reporters.JUnitReportReporter -->
<testsuite hostname="DESKTOP-L6N98KA" failures="0" tests="1" name="com.example.demo.UnitTestMCDC" time="0.016" errors="0" timestamp="2022-02-20T10:18:34 EST" skipped="0">
  <testcase classname="com.example.demo.UnitTestMCDC" name="setOuterBooleanArrayList" time="0.016"/>
  <system-out/>
</testsuite> <!-- com.example.demo.UnitTestMCDC -->
